<?xml version="1.0" encoding="UTF-8"?>
<!-- Generated by org.testng.reporters.JUnitXMLReporter -->
<testsuite ignored="0" hostname="DESKTOP-INDRAJIT" failures="1" tests="1" name="Default test" time="0.578" errors="0" timestamp="2025-05-14T19:22:39 IST">
  <testcase classname="io.cucumber.testng.AbstractTestNGCucumberTests" name="runScenario" time="0.072">
    <failure type="java.lang.NullPointerException" message="Cannot invoke &amp;quot;rahulshettyacademy.pageobjects.LandPage.UserAction(String, String)&amp;quot; because &amp;quot;this.landingPage&amp;quot; is null">
      <![CDATA[java.lang.NullPointerException: Cannot invoke "rahulshettyacademy.pageobjects.LandPage.UserAction(String, String)" because "this.landingPage" is null
at rahulshettyacademy.stepDefinition.StepDefinitionImpl.logged_in_with_creds(StepDefinitionImpl.java:35)
at ✽.Logged in with username Rahul13@gmail.com and password Biswa@13(file:///C:/Users/Indrajit/eclipse-workspace/Maven-seleniumFrameworkDesign/src/test/java/Cucumber/SubmitOrder.feature:11)
]]>
    </failure>
  </testcase> <!-- runScenario -->
</testsuite> <!-- Default test -->
