<?xml version="1.0" encoding="UTF-8"?>
<!-- Generated by org.testng.reporters.JUnitXMLReporter -->
<testsuite ignored="0" hostname="DESKTOP-INDRAJIT" failures="1" tests="2" name="Error Validation Test" time="3.427" errors="0" timestamp="2025-04-22T15:41:28 IST">
  <testcase classname="rahulshettyacademy.tests.ErrorValidation" name="productNameValidation" time="0.495">
    <failure type="java.lang.NullPointerException" message="Cannot invoke &amp;quot;org.openqa.selenium.WebElement.findElement(org.openqa.selenium.By)&amp;quot; because &amp;quot;prod&amp;quot; is null">
      <![CDATA[java.lang.NullPointerException: Cannot invoke "org.openqa.selenium.WebElement.findElement(org.openqa.selenium.By)" because "prod" is null
at rahulshettyacademy.pageobjects.ProductCatalouge.addProductToCart(ProductCatalouge.java:52)
at rahulshettyacademy.tests.ErrorValidation.productNameValidation(ErrorValidation.java:32)
at java.base/java.util.ArrayList.forEach(ArrayList.java:1596)
... Removed 25 stack frames]]>
    </failure>
  </testcase> <!-- productNameValidation -->
  <testcase classname="rahulshettyacademy.tests.ErrorValidation" name="submitOrder" time="0.278"/>
</testsuite> <!-- Error Validation Test -->
