<?xml version="1.0" encoding="UTF-8"?>
<!-- Generated by org.testng.reporters.JUnitXMLReporter -->
<testsuite ignored="2" hostname="DESKTOP-INDRAJIT" failures="0" tests="0" time="0.001" errors="0" timestamp="2025-05-06T19:15:16 IST">
  <testcase classname="rahulshettyacademy.tests.ErrorValidation" name="submitOrder" time="0.0">
    <ignored/>
  </testcase> <!-- submitOrder -->
  <testcase classname="rahulshettyacademy.tests.ErrorValidation" name="productNameValidation" time="0.0">
    <ignored/>
  </testcase> <!-- productNameValidation -->
</testsuite>
