<?xml version="1.0" encoding="UTF-8"?>
<!-- Generated by org.testng.reporters.JUnitReportReporter -->
<testsuite hostname="DESKTOP-INDRAJIT" failures="0" tests="1" name="Cucumber.TestNGTestRunner" time="0.072" errors="1" timestamp="2025-05-14T19:22:39 IST" skipped="0">
  <testcase classname="Cucumber.TestNGTestRunner" name="runScenario" time="0.072">
    <error message="Cannot invoke &quot;rahulshettyacademy.pageobjects.LandPage.UserAction(String, String)&quot; because &quot;this.landingPage&quot; is null" type="java.lang.NullPointerException">
      <![CDATA[java.lang.NullPointerException: Cannot invoke "rahulshettyacademy.pageobjects.LandPage.UserAction(String, String)" because "this.landingPage" is null
at rahulshettyacademy.stepDefinition.StepDefinitionImpl.logged_in_with_creds(StepDefinitionImpl.java:35)
at ✽.Logged in with username Rahul13@gmail.com and password Biswa@13(file:///C:/Users/Indrajit/eclipse-workspace/Maven-seleniumFrameworkDesign/src/test/java/Cucumber/SubmitOrder.feature:11)
]]>
    </error>
  </testcase> <!-- runScenario -->
</testsuite> <!-- Cucumber.TestNGTestRunner -->
